<?xml version="1.0" encoding="UTF-8"?>
<!-- Generated by org.testng.reporters.JUnitReportReporter -->
<testsuite skipped="0" hostname="DESKTOP-FAT3EL6" name="com.hustar.TestDemo.NewTest" tests="1" failures="0" timestamp="2019-09-06T10:29:24 CST" time="8.843" errors="0">
  <testcase name="openIETest" time="8.843" classname="com.hustar.TestDemo.NewTest"/>
</testsuite> <!-- com.hustar.TestDemo.NewTest -->
