<?xml version="1.0" encoding="UTF-8"?>
<!-- Generated by org.testng.reporters.JUnitReportReporter -->
<testsuite skipped="0" hostname="DESKTOP-FAT3EL6" name="com.hustar.TestDemo.ActionsTest" tests="1" failures="0" timestamp="2019-09-07T20:53:48 CST" time="10.461" errors="0">
  <testcase name="loadTest" time="10.461" classname="com.hustar.TestDemo.ActionsTest"/>
</testsuite> <!-- com.hustar.TestDemo.ActionsTest -->
