<?xml version="1.0" encoding="UTF-8"?>
<!-- Generated by org.testng.reporters.JUnitReportReporter -->
<testsuite skipped="0" hostname="DESKTOP-FAT3EL6" name="com.hustar.TestDemo.day3.RegisterTest" tests="1" failures="0" timestamp="2019-09-09T09:03:41 CST" time="21.458" errors="0">
  <testcase name="registerTest" time="21.458" classname="com.hustar.TestDemo.day3.RegisterTest"/>
</testsuite> <!-- com.hustar.TestDemo.day3.RegisterTest -->
