<?xml version="1.0" encoding="UTF-8"?>
<!-- Generated by org.testng.reporters.JUnitReportReporter -->
<testsuite skipped="0" hostname="DESKTOP-FAT3EL6" name="com.hustar.TestDemo.day3.SeleniumGridTest" tests="4" failures="0" timestamp="2019-09-09T09:03:41 CST" time="52.624" errors="0">
  <testcase name="f" time="12.032" classname="com.hustar.TestDemo.day3.SeleniumGridTest"/>
  <testcase name="f1" time="9.615" classname="com.hustar.TestDemo.day3.SeleniumGridTest"/>
  <testcase name="f" time="19.724" classname="com.hustar.TestDemo.day3.SeleniumGridTest"/>
  <testcase name="f1" time="11.253" classname="com.hustar.TestDemo.day3.SeleniumGridTest"/>
</testsuite> <!-- com.hustar.TestDemo.day3.SeleniumGridTest -->
