<?xml version="1.0" encoding="UTF-8"?>
<!-- Generated by org.testng.reporters.JUnitReportReporter -->
<testsuite skipped="0" hostname="DESKTOP-FAT3EL6" name="com.hustar.TestDemo.UIAutomationTest" tests="1" failures="0" timestamp="2019-09-06T21:50:01 CST" time="0.099" errors="0">
  <testcase name="waitTest" time="0.099" classname="com.hustar.TestDemo.UIAutomationTest"/>
</testsuite> <!-- com.hustar.TestDemo.UIAutomationTest -->
