<?xml version="1.0" encoding="UTF-8"?>
<!-- Generated by org.testng.reporters.JUnitReportReporter -->
<testsuite skipped="0" hostname="DESKTOP-FAT3EL6" name="com.hustar.TestDemo.UploadTest" tests="1" failures="0" timestamp="2019-09-06T20:00:03 CST" time="2.819" errors="0">
  <testcase name="sizeTest" time="2.819" classname="com.hustar.TestDemo.UploadTest"/>
</testsuite> <!-- com.hustar.TestDemo.UploadTest -->
