<?xml version="1.0" encoding="UTF-8"?>
<!-- Generated by org.testng.reporters.JUnitReportReporter -->
<testsuite skipped="0" hostname="DESKTOP-FAT3EL6" name="com.hustar.TestDemo.locateElement" tests="1" failures="0" timestamp="2019-09-06T18:18:43 CST" time="2.598" errors="0">
  <testcase name="xpathTest" time="2.598" classname="com.hustar.TestDemo.locateElement"/>
</testsuite> <!-- com.hustar.TestDemo.locateElement -->
