<?xml version="1.0" encoding="UTF-8"?>
<!-- Generated by org.testng.reporters.JUnitReportReporter -->
<testsuite skipped="0" hostname="DESKTOP-FAT3EL6" name="com.hustar.TestDemo.day3.LoginTest" tests="2" failures="0" timestamp="2019-09-08T11:12:07 CST" time="41.963" errors="0">
  <testcase name="errorLogin" time="17.727" classname="com.hustar.TestDemo.day3.LoginTest"/>
  <testcase name="LoginTest" time="24.236" classname="com.hustar.TestDemo.day3.LoginTest"/>
</testsuite> <!-- com.hustar.TestDemo.day3.LoginTest -->
