<?xml version="1.0" encoding="UTF-8"?>
<!-- Generated by org.testng.reporters.JUnitReportReporter -->
<testsuite skipped="0" hostname="DESKTOP-FAT3EL6" name="com.hustar.TestDemo.UsenessOfWeb" tests="1" failures="0" timestamp="2019-09-06T20:45:52 CST" time="2.712" errors="0">
  <testcase name="screenShotTest" time="2.712" classname="com.hustar.TestDemo.UsenessOfWeb"/>
</testsuite> <!-- com.hustar.TestDemo.UsenessOfWeb -->
